...............................................................
.................22222.........................................
.4.....4.7777777.....2.........2222222.2222222.0000000.9999999.
.4.....4.......7.22222...............2.......2.0.....0.9.....9.
.4.....4.......7.2.....=======.......2.......2.0.....0.9.....9.
.4444444.......7.22222.........2222222.2222222.0.....0.9999999.
.......4.......7.......=======.2.......2.......0.....0.......9.
.......4.......7...............2.......2.......0.....0.......9.
.......4.......7...............2222222.2222222.0000000.9999999.
...............................................................

...............................................................
.................22222.........................................
.5555555.6666666.....2.........3333333.......1.3333333.6666666.
.5.......6.......22222...............3.......1.......3.6.......
.5.......6.......2.....=======.......3.......1.......3.6.......
.5555555.6666666.22222.........3333333.......1.3333333.6666666.
.......5.6.....6.......=======.......3.......1.......3.6.....6.
.......5.6.....6.....................3.......1.......3.6.....6.
.5555555.6666666...............3333333.......1.3333333.6666666.
...............................................................

...............................
.............1.................
.......1.....1...............1.
.......1.....1...............1.
.......1.....1.=======.......1.
.......1.....1...............1.
.......1.......=======.......1.
.......1.....................1.
.......1.....................1.
...............................

