...........................................
.........66666.....1.00000.................
.0000000.6.........1.0...0.........0000000.
.0.....0.66666.....1.0...0.........0.....0.
.0.....0.6...6.....1.0...0.=======.0.....0.
.0.....0.66666.....1.00000.........0.....0.
.0.....0...................=======.0.....0.
.0.....0...........................0.....0.
.0000000...........................0000000.
...........................................

...........................................
.............1.....1.00000.................
.0000000.....1.....1.0...0.........0000000.
.0.....0.....1.....1.0...0.........0.....0.
.0.....0.....1.....1.0...0.=======.0.....0.
.0.....0.....1.....1.00000.........0.....0.
.0.....0...................=======.0.....0.
.0.....0...........................0.....0.
.0000000...........................0000000.
...........................................

.....................................
.............1.4...4.................
.......1.....1.4...4...............1.
.......1.....1.44444...............1.
.......1.....1.....4.=======.......1.
.......1.....1.....4...............1.
.......1.............=======.......1.
.......1...........................1.
.......1...........................1.
.....................................

...............................................................................
.........99999.................................................................
.5555555.9...9...............1.9999999.5555555.3333333.......1.2222222.5555555.
.5.......99999...............1.9.....9.5.............3.......1.......2.5.......
.5...........9.=======.......1.9.....9.5.............3.......1.......2.5.......
.5555555.99999...............1.9999999.5555555.3333333.......1.2222222.5555555.
.......5.......=======.......1.......9.......5.......3.......1.2.............5.
.......5.....................1.......9.......5.......3.......1.2.............5.
.5555555.....................1.9999999.5555555.3333333.......1.2222222.5555555.
...............................................................................

.....................................
.........4...4.88888.................
.0000000.4...4.8...8.........0000000.
.0.....0.44444.88888.........0.....0.
.0.....0.....4.8...8.=======.0.....0.
.0.....0.....4.88888.........0.....0.
.0.....0.............=======.0.....0.
.0.....0.....................0.....0.
.0000000.....................0000000.
.....................................

.............................................................
.............1.22222.........................................
.2222222.....1.....2.........4.....4.0000000.9999999.6666666.
.......2.....1.22222.........4.....4.0.....0.9.....9.6.......
.......2.....1.2.....=======.4.....4.0.....0.9.....9.6.......
.2222222.....1.22222.........4444444.0.....0.9999999.6666666.
.2...................=======.......4.0.....0.......9.6.....6.
.2.................................4.0.....0.......9.6.....6.
.2222222...........................4.0000000.9999999.6666666.
.............................................................

.................................................
.............1.00000.....1.22222.................
.0000000.....1.0...0.....1.....2.........0000000.
.0.....0.....1.0...0.....1.22222.........0.....0.
.0.....0.....1.0...0.....1.2.....=======.0.....0.
.0.....0.....1.00000.....1.22222.........0.....0.
.0.....0.........................=======.0.....0.
.0.....0.................................0.....0.
.0000000.................................0000000.
.................................................

...........................................
.........55555.....1.4...4.................
.0000000.5.........1.4...4.........0000000.
.0.....0.55555.....1.44444.........0.....0.
.0.....0.....5.....1.....4.=======.0.....0.
.0.....0.55555.....1.....4.........0.....0.
.0.....0...................=======.0.....0.
.0.....0...........................0.....0.
.0000000...........................0000000.
...........................................

.....................................................................
.............1.00000.................................................
.3333333.....1.0...0.........5555555.9999999.0000000.4.....4.9999999.
.......3.....1.0...0.........5.......9.....9.0.....0.4.....4.9.....9.
.......3.....1.0...0.=======.5.......9.....9.0.....0.4.....4.9.....9.
.3333333.....1.00000.........5555555.9999999.0.....0.4444444.9999999.
.......3.............=======.......5.......9.0.....0.......4.......9.
.......3...........................5.......9.0.....0.......4.......9.
.3333333.....................5555555.9999999.0000000.......4.9999999.
.....................................................................

...............................................................................
.........88888.................................................................
.7777777.8...8.........5555555.7777777.6666666.4.....4.8888888.0000000.......1.
.......7.88888.........5.............7.6.......4.....4.8.....8.0.....0.......1.
.......7.8...8.=======.5.............7.6.......4.....4.8.....8.0.....0.......1.
.......7.88888.........5555555.......7.6666666.4444444.8888888.0.....0.......1.
.......7.......=======.......5.......7.6.....6.......4.8.....8.0.....0.......1.
.......7.....................5.......7.6.....6.......4.8.....8.0.....0.......1.
.......7...............5555555.......7.6666666.......4.8888888.0000000.......1.
...............................................................................

