...........................................................................
.........................22222.77777.4...4.................................
.......1.2222222.7777777.....2.....7.4...4.........IIIIIII.N.....N.FFFFFFF.
.......1.......2.......7.22222.....7.44444............I....NN....N.F.......
.......1.......2.......7.2.........7.....4.=======....I....N.N...N.F.......
.......1.2222222.......7.22222.....7.....4............I....N..N..N.FFFFFFF.
.......1.2.............7...................=======....I....N...N.N.F.......
.......1.2.............7..............................I....N....NN.F.......
.......1.2222222.......7...........................IIIIIII.N.....N.F.......
...........................................................................

...........................................................................
.........................22222.66666.22222.................................
.7777777.9999999.8888888.....2.6.........2.........IIIIIII.N.....N.FFFFFFF.
.......7.9.....9.8.....8.22222.66666.22222............I....NN....N.F.......
.......7.9.....9.8.....8.2.....6...6.2.....=======....I....N.N...N.F.......
.......7.9999999.8888888.22222.66666.22222............I....N..N..N.FFFFFFF.
.......7.......9.8.....8...................=======....I....N...N.N.F.......
.......7.......9.8.....8..............................I....N....NN.F.......
.......7.9999999.8888888...........................IIIIIII.N.....N.F.......
...........................................................................

...........................................................................
.........................33333.33333.88888.................................
.6666666.6666666.8888888.....3.....3.8...8.........IIIIIII.N.....N.FFFFFFF.
.6.......6.......8.....8.33333.33333.88888............I....NN....N.F.......
.6.......6.......8.....8.....3.....3.8...8.=======....I....N.N...N.F.......
.6666666.6666666.8888888.33333.33333.88888............I....N..N..N.FFFFFFF.
.6.....6.6.....6.8.....8...................=======....I....N...N.N.F.......
.6.....6.6.....6.8.....8..............................I....N....NN.F.......
.6666666.6666666.8888888...........................IIIIIII.N.....N.F.......
...........................................................................

...........................................................................
.........................22222.99999.33333.................................
.5555555.3333333.9999999.....2.9...9.....3.........IIIIIII.N.....N.FFFFFFF.
.5.............3.9.....9.22222.99999.33333............I....NN....N.F.......
.5.............3.9.....9.2.........9.....3.=======....I....N.N...N.F.......
.5555555.3333333.9999999.22222.99999.33333............I....N..N..N.FFFFFFF.
.......5.......3.......9...................=======....I....N...N.N.F.......
.......5.......3.......9..............................I....N....NN.F.......
.5555555.3333333.9999999...........................IIIIIII.N.....N.F.......
...........................................................................

...........................................................................
.........................22222.88888.88888.................................
.5555555.8888888.0000000.....2.8...8.8...8.........IIIIIII.N.....N.FFFFFFF.
.5.......8.....8.0.....0.22222.88888.88888............I....NN....N.F.......
.5.......8.....8.0.....0.2.....8...8.8...8.=======....I....N.N...N.F.......
.5555555.8888888.0.....0.22222.88888.88888............I....N..N..N.FFFFFFF.
.......5.8.....8.0.....0...................=======....I....N...N.N.F.......
.......5.8.....8.0.....0..............................I....N....NN.F.......
.5555555.8888888.0000000...........................IIIIIII.N.....N.F.......
...........................................................................

...........................................................................
.........................33333.....1.66666.................................
.7777777.0000000.4.....4.....3.....1.6.............IIIIIII.N.....N.FFFFFFF.
.......7.0.....0.4.....4.33333.....1.66666............I....NN....N.F.......
.......7.0.....0.4.....4.....3.....1.6...6.=======....I....N.N...N.F.......
.......7.0.....0.4444444.33333.....1.66666............I....N..N..N.FFFFFFF.
.......7.0.....0.......4...................=======....I....N...N.N.F.......
.......7.0.....0.......4..............................I....N....NN.F.......
.......7.0000000.......4...........................IIIIIII.N.....N.F.......
...........................................................................

...........................................................
.........33333.00000.4...4.................................
.9999999.....3.0...0.4...4.........IIIIIII.N.....N.FFFFFFF.
.9.....9.33333.0...0.44444............I....NN....N.F.......
.9.....9.....3.0...0.....4.=======....I....N.N...N.F.......
.9999999.33333.00000.....4............I....N..N..N.FFFFFFF.
.......9...................=======....I....N...N.N.F.......
.......9..............................I....N....NN.F.......
.9999999...........................IIIIIII.N.....N.F.......
...........................................................

...........................................................................
.........................33333.33333.88888.................................
.3333333.2222222.3333333.....3.....3.8...8.........IIIIIII.N.....N.FFFFFFF.
.......3.......2.......3.33333.33333.88888............I....NN....N.F.......
.......3.......2.......3.....3.....3.8...8.=======....I....N.N...N.F.......
.3333333.2222222.3333333.33333.33333.88888............I....N..N..N.FFFFFFF.
.......3.2.............3...................=======....I....N...N.N.F.......
.......3.2.............3..............................I....N....NN.F.......
.3333333.2222222.3333333...........................IIIIIII.N.....N.F.......
...........................................................................

...........................................................................
.........................22222.88888.22222.................................
.2222222.2222222.......1.....2.8...8.....2.........IIIIIII.N.....N.FFFFFFF.
.......2.......2.......1.22222.88888.22222............I....NN....N.F.......
.......2.......2.......1.2.....8...8.2.....=======....I....N.N...N.F.......
.2222222.2222222.......1.22222.88888.22222............I....N..N..N.FFFFFFF.
.2.......2.............1...................=======....I....N...N.N.F.......
.2.......2.............1..............................I....N....NN.F.......
.2222222.2222222.......1...........................IIIIIII.N.....N.F.......
...........................................................................

...........................................................................
.........................22222.77777.22222.................................
.5555555.3333333.8888888.....2.....7.....2.........IIIIIII.N.....N.FFFFFFF.
.5.............3.8.....8.22222.....7.22222............I....NN....N.F.......
.5.............3.8.....8.2.........7.2.....=======....I....N.N...N.F.......
.5555555.3333333.8888888.22222.....7.22222............I....N..N..N.FFFFFFF.
.......5.......3.8.....8...................=======....I....N...N.N.F.......
.......5.......3.8.....8..............................I....N....NN.F.......
.5555555.3333333.8888888...........................IIIIIII.N.....N.F.......
...........................................................................

