.....................................................................................................................
.................................................22222.99999.....1.22222.4...4.4...4.................................
.3333333.6666666.7777777.......1.2222222.......1.....2.9...9.....1.....2.4...4.4...4.........IIIIIII.N.....N.FFFFFFF.
.......3.6.............7.......1.......2.......1.22222.99999.....1.22222.44444.44444............I....NN....N.F.......
.......3.6.............7.......1.......2.......1.2.........9.....1.2.........4.....4.=======....I....N.N...N.F.......
.3333333.6666666.......7.......1.2222222.......1.22222.99999.....1.22222.....4.....4............I....N..N..N.FFFFFFF.
.......3.6.....6.......7.......1.2.............1.....................................=======....I....N...N.N.F.......
.......3.6.....6.......7.......1.2.............1................................................I....N....NN.F.......
.3333333.6666666.......7.......1.2222222.......1.............................................IIIIIII.N.....N.F.......
.....................................................................................................................

.....................................................................................................................
.................................................22222.88888.99999.00000.66666.88888.................................
.6666666.......1.8888888.7777777.9999999.4.....4.....2.8...8.9...9.0...0.6.....8...8.........IIIIIII.N.....N.FFFFFFF.
.6.............1.8.....8.......7.9.....9.4.....4.22222.88888.99999.0...0.66666.88888............I....NN....N.F.......
.6.............1.8.....8.......7.9.....9.4.....4.2.....8...8.....9.0...0.6...6.8...8.=======....I....N.N...N.F.......
.6666666.......1.8888888.......7.9999999.4444444.22222.88888.99999.00000.66666.88888............I....N..N..N.FFFFFFF.
.6.....6.......1.8.....8.......7.......9.......4.....................................=======....I....N...N.N.F.......
.6.....6.......1.8.....8.......7.......9.......4................................................I....N....NN.F.......
.6666666.......1.8888888.......7.9999999.......4.............................................IIIIIII.N.....N.F.......
.....................................................................................................................

.....................................................................................................................
.................................................22222.99999.....1.99999.55555.88888.................................
.7777777.2222222.7777777.6666666.7777777.2222222.....2.9...9.....1.9...9.5.....8...8.........IIIIIII.N.....N.FFFFFFF.
.......7.......2.......7.6.............7.......2.22222.99999.....1.99999.55555.88888............I....NN....N.F.......
.......7.......2.......7.6.............7.......2.2.........9.....1.....9.....5.8...8.=======....I....N.N...N.F.......
.......7.2222222.......7.6666666.......7.2222222.22222.99999.....1.99999.55555.88888............I....N..N..N.FFFFFFF.
.......7.2.............7.6.....6.......7.2...........................................=======....I....N...N.N.F.......
.......7.2.............7.6.....6.......7.2......................................................I....N....NN.F.......
.......7.2222222.......7.6666666.......7.2222222.............................................IIIIIII.N.....N.F.......
.....................................................................................................................

.....................................................................................................................
.................................................22222.88888.77777.55555.99999.....1.................................
.5555555.7777777.6666666.5555555.3333333.3333333.....2.8...8.....7.5.....9...9.....1.........IIIIIII.N.....N.FFFFFFF.
.5.............7.6.......5.............3.......3.22222.88888.....7.55555.99999.....1............I....NN....N.F.......
.5.............7.6.......5.............3.......3.2.....8...8.....7.....5.....9.....1.=======....I....N.N...N.F.......
.5555555.......7.6666666.5555555.3333333.3333333.22222.88888.....7.55555.99999.....1............I....N..N..N.FFFFFFF.
.......5.......7.6.....6.......5.......3.......3.....................................=======....I....N...N.N.F.......
.......5.......7.6.....6.......5.......3.......3................................................I....N....NN.F.......
.5555555.......7.6666666.5555555.3333333.3333333.............................................IIIIIII.N.....N.F.......
.....................................................................................................................

.....................................................................................................................
.................................................22222.99999.00000.33333.00000.88888.................................
.5555555.2222222.2222222.5555555.8888888.0000000.....2.9...9.0...0.....3.0...0.8...8.........IIIIIII.N.....N.FFFFFFF.
.5.............2.......2.5.......8.....8.0.....0.22222.99999.0...0.33333.0...0.88888............I....NN....N.F.......
.5.............2.......2.5.......8.....8.0.....0.2.........9.0...0.....3.0...0.8...8.=======....I....N.N...N.F.......
.5555555.2222222.2222222.5555555.8888888.0.....0.22222.99999.00000.33333.00000.88888............I....N..N..N.FFFFFFF.
.......5.2.......2.............5.8.....8.0.....0.....................................=======....I....N...N.N.F.......
.......5.2.......2.............5.8.....8.0.....0................................................I....N....NN.F.......
.5555555.2222222.2222222.5555555.8888888.0000000.............................................IIIIIII.N.....N.F.......
.....................................................................................................................

.....................................................................................................................
.................................................22222.99999.33333.22222.88888.00000.................................
.7777777.7777777.5555555.7777777.0000000.6666666.....2.9...9.....3.....2.8...8.0...0.........IIIIIII.N.....N.FFFFFFF.
.......7.......7.5.............7.0.....0.6.......22222.99999.33333.22222.88888.0...0............I....NN....N.F.......
.......7.......7.5.............7.0.....0.6.......2.........9.....3.2.....8...8.0...0.=======....I....N.N...N.F.......
.......7.......7.5555555.......7.0.....0.6666666.22222.99999.33333.22222.88888.00000............I....N..N..N.FFFFFFF.
.......7.......7.......5.......7.0.....0.6.....6.....................................=======....I....N...N.N.F.......
.......7.......7.......5.......7.0.....0.6.....6................................................I....N....NN.F.......
.......7.......7.5555555.......7.0000000.6666666.............................................IIIIIII.N.....N.F.......
.....................................................................................................................

.....................................................................................................................
.................................................22222.99999.55555.22222.00000.88888.................................
.7777777.7777777.0000000.0000000.0000000.7777777.....2.9...9.5.........2.0...0.8...8.........IIIIIII.N.....N.FFFFFFF.
.......7.......7.0.....0.0.....0.0.....0.......7.22222.99999.55555.22222.0...0.88888............I....NN....N.F.......
.......7.......7.0.....0.0.....0.0.....0.......7.2.........9.....5.2.....0...0.8...8.=======....I....N.N...N.F.......
.......7.......7.0.....0.0.....0.0.....0.......7.22222.99999.55555.22222.00000.88888............I....N..N..N.FFFFFFF.
.......7.......7.0.....0.0.....0.0.....0.......7.....................................=======....I....N...N.N.F.......
.......7.......7.0.....0.0.....0.0.....0.......7................................................I....N....NN.F.......
.......7.......7.0000000.0000000.0000000.......7.............................................IIIIIII.N.....N.F.......
.....................................................................................................................

.............................................................................................................
.........................................22222.99999.66666.00000.99999.00000.................................
.7777777.2222222.3333333.2222222.2222222.....2.9...9.6.....0...0.9...9.0...0.........IIIIIII.N.....N.FFFFFFF.
.......7.......2.......3.......2.......2.22222.99999.66666.0...0.99999.0...0............I....NN....N.F.......
.......7.......2.......3.......2.......2.2.........9.6...6.0...0.....9.0...0.=======....I....N.N...N.F.......
.......7.2222222.3333333.2222222.2222222.22222.99999.66666.00000.99999.00000............I....N..N..N.FFFFFFF.
.......7.2.............3.2.......2...........................................=======....I....N...N.N.F.......
.......7.2.............3.2.......2......................................................I....N....NN.F.......
.......7.2222222.3333333.2222222.2222222.............................................IIIIIII.N.....N.F.......
.............................................................................................................

.....................................................................................................................
.................................................22222.88888.99999.88888.55555.00000.................................
.3333333.......1.......1.2222222.2222222.8888888.....2.8...8.9...9.8...8.5.....0...0.........IIIIIII.N.....N.FFFFFFF.
.......3.......1.......1.......2.......2.8.....8.22222.88888.99999.88888.55555.0...0............I....NN....N.F.......
.......3.......1.......1.......2.......2.8.....8.2.....8...8.....9.8...8.....5.0...0.=======....I....N.N...N.F.......
.3333333.......1.......1.2222222.2222222.8888888.22222.88888.99999.88888.55555.00000............I....N..N..N.FFFFFFF.
.......3.......1.......1.2.......2.......8.....8.....................................=======....I....N...N.N.F.......
.......3.......1.......1.2.......2.......8.....8................................................I....N....NN.F.......
.3333333.......1.......1.2222222.2222222.8888888.............................................IIIIIII.N.....N.F.......
.....................................................................................................................

.....................................................................................................................
.................................................22222.99999.00000.66666.55555.88888.................................
.5555555.8888888.9999999.5555555.3333333.5555555.....2.9...9.0...0.6.....5.....8...8.........IIIIIII.N.....N.FFFFFFF.
.5.......8.....8.9.....9.5.............3.5.......22222.99999.0...0.66666.55555.88888............I....NN....N.F.......
.5.......8.....8.9.....9.5.............3.5.......2.........9.0...0.6...6.....5.8...8.=======....I....N.N...N.F.......
.5555555.8888888.9999999.5555555.3333333.5555555.22222.99999.00000.66666.55555.88888............I....N..N..N.FFFFFFF.
.......5.8.....8.......9.......5.......3.......5.....................................=======....I....N...N.N.F.......
.......5.8.....8.......9.......5.......3.......5................................................I....N....NN.F.......
.5555555.8888888.9999999.5555555.3333333.5555555.............................................IIIIIII.N.....N.F.......
.....................................................................................................................

