.............................................................................................................................................................
.............................................................................................1.66666.66666.77777.77777.....1.................................
.......1.2222222.0000000.9999999.3333333.2222222.7777777.7777777.......1.3333333.4.....4.....1.6.....6.........7.....7.....1.........IIIIIII.N.....N.FFFFFFF.
.......1.......2.0.....0.9.....9.......3.......2.......7.......7.......1.......3.4.....4.....1.66666.66666.....7.....7.....1............I....NN....N.F.......
.......1.......2.0.....0.9.....9.......3.......2.......7.......7.......1.......3.4.....4.....1.6...6.6...6.....7.....7.....1.=======....I....N.N...N.F.......
.......1.2222222.0.....0.9999999.3333333.2222222.......7.......7.......1.3333333.4444444.....1.66666.66666.....7.....7.....1............I....N..N..N.FFFFFFF.
.......1.2.......0.....0.......9.......3.2.............7.......7.......1.......3.......4.....................................=======....I....N...N.N.F.......
.......1.2.......0.....0.......9.......3.2.............7.......7.......1.......3.......4................................................I....N....NN.F.......
.......1.2222222.0000000.9999999.3333333.2222222.......7.......7.......1.3333333.......4.............................................IIIIIII.N.....N.F.......
.............................................................................................................................................................

.............................................................................................................................................................
.............................................................................................1.4...4.55555.00000.33333.77777.................................
.......1.2222222.0000000.4.....4.3333333.5555555.2222222.8888888.8888888.0000000.6666666.....1.4...4.5.....0...0.....3.....7.........IIIIIII.N.....N.FFFFFFF.
.......1.......2.0.....0.4.....4.......3.5.............2.8.....8.8.....8.0.....0.6...........1.44444.55555.0...0.33333.....7............I....NN....N.F.......
.......1.......2.0.....0.4.....4.......3.5.............2.8.....8.8.....8.0.....0.6...........1.....4.....5.0...0.....3.....7.=======....I....N.N...N.F.......
.......1.2222222.0.....0.4444444.3333333.5555555.2222222.8888888.8888888.0.....0.6666666.....1.....4.55555.00000.33333.....7............I....N..N..N.FFFFFFF.
.......1.2.......0.....0.......4.......3.......5.2.......8.....8.8.....8.0.....0.6.....6.....................................=======....I....N...N.N.F.......
.......1.2.......0.....0.......4.......3.......5.2.......8.....8.8.....8.0.....0.6.....6................................................I....N....NN.F.......
.......1.2222222.0000000.......4.3333333.5555555.2222222.8888888.8888888.0000000.6666666.............................................IIIIIII.N.....N.F.......
.............................................................................................................................................................

.............................................................................................................................................................
.........................................................................................22222.33333.22222.....1.66666.77777.................................
.......1.5555555.2222222.6666666.6666666.6666666.3333333.7777777.6666666.8888888.5555555.....2.....3.....2.....1.6.........7.........IIIIIII.N.....N.FFFFFFF.
.......1.5.............2.6.......6.......6.............3.......7.6.......8.....8.5.......22222.33333.22222.....1.66666.....7............I....NN....N.F.......
.......1.5.............2.6.......6.......6.............3.......7.6.......8.....8.5.......2.........3.2.........1.6...6.....7.=======....I....N.N...N.F.......
.......1.5555555.2222222.6666666.6666666.6666666.3333333.......7.6666666.8888888.5555555.22222.33333.22222.....1.66666.....7............I....N..N..N.FFFFFFF.
.......1.......5.2.......6.....6.6.....6.6.....6.......3.......7.6.....6.8.....8.......5.....................................=======....I....N...N.N.F.......
.......1.......5.2.......6.....6.6.....6.6.....6.......3.......7.6.....6.8.....8.......5................................................I....N....NN.F.......
.......1.5555555.2222222.6666666.6666666.6666666.3333333.......7.6666666.8888888.5555555.............................................IIIIIII.N.....N.F.......
.............................................................................................................................................................

.......................................................................................................................................................
.........................................................................................33333.66666.77777.22222.4...4.................................
.......1.2222222.5555555.0000000.2222222.4.....4.8888888.6666666.5555555.4.....4.5555555.....3.6.........7.....2.4...4.........IIIIIII.N.....N.FFFFFFF.
.......1.......2.5.......0.....0.......2.4.....4.8.....8.6.......5.......4.....4.5.......33333.66666.....7.22222.44444............I....NN....N.F.......
.......1.......2.5.......0.....0.......2.4.....4.8.....8.6.......5.......4.....4.5...........3.6...6.....7.2.........4.=======....I....N.N...N.F.......
.......1.2222222.5555555.0.....0.2222222.4444444.8888888.6666666.5555555.4444444.5555555.33333.66666.....7.22222.....4............I....N..N..N.FFFFFFF.
.......1.2.............5.0.....0.2.............4.8.....8.6.....6.......5.......4.......5...............................=======....I....N...N.N.F.......
.......1.2.............5.0.....0.2.............4.8.....8.6.....6.......5.......4.......5..........................................I....N....NN.F.......
.......1.2222222.5555555.0000000.2222222.......4.8888888.6666666.5555555.......4.5555555.......................................IIIIIII.N.....N.F.......
.......................................................................................................................................................

.......................................................................................................................................................
.........................................................................................99999.99999.....1.....1.66666.................................
.......1.2222222.5555555.2222222.5555555.4.....4.3333333.2222222.5555555.9999999.2222222.9...9.9...9.....1.....1.6.............IIIIIII.N.....N.FFFFFFF.
.......1.......2.5.............2.5.......4.....4.......3.......2.5.......9.....9.......2.99999.99999.....1.....1.66666............I....NN....N.F.......
.......1.......2.5.............2.5.......4.....4.......3.......2.5.......9.....9.......2.....9.....9.....1.....1.6...6.=======....I....N.N...N.F.......
.......1.2222222.5555555.2222222.5555555.4444444.3333333.2222222.5555555.9999999.2222222.99999.99999.....1.....1.66666............I....N..N..N.FFFFFFF.
.......1.2.............5.2.............5.......4.......3.2.............5.......9.2.....................................=======....I....N...N.N.F.......
.......1.2.............5.2.............5.......4.......3.2.............5.......9.2................................................I....N....NN.F.......
.......1.2222222.5555555.2222222.5555555.......4.3333333.2222222.5555555.9999999.2222222.......................................IIIIIII.N.....N.F.......
.......................................................................................................................................................

.......................................................................................................................................................
.........................................................................................22222.00000.22222.77777.66666.................................
.......1.3333333.5555555.8888888.9999999.6666666.8888888.5555555.7777777.......1.9999999.....2.0...0.....2.....7.6.............IIIIIII.N.....N.FFFFFFF.
.......1.......3.5.......8.....8.9.....9.6.......8.....8.5.............7.......1.9.....9.22222.0...0.22222.....7.66666............I....NN....N.F.......
.......1.......3.5.......8.....8.9.....9.6.......8.....8.5.............7.......1.9.....9.2.....0...0.2.........7.6...6.=======....I....N.N...N.F.......
.......1.3333333.5555555.8888888.9999999.6666666.8888888.5555555.......7.......1.9999999.22222.00000.22222.....7.66666............I....N..N..N.FFFFFFF.
.......1.......3.......5.8.....8.......9.6.....6.8.....8.......5.......7.......1.......9...............................=======....I....N...N.N.F.......
.......1.......3.......5.8.....8.......9.6.....6.8.....8.......5.......7.......1.......9..........................................I....N....NN.F.......
.......1.3333333.5555555.8888888.9999999.6666666.8888888.5555555.......7.......1.9999999.......................................IIIIIII.N.....N.F.......
.......................................................................................................................................................

.............................................................................................................................................................
.............................................................................................1.77777.88888.00000.00000.77777.................................
.......1.2222222.9999999.9999999.3333333.6666666.8888888.0000000.0000000.......1.9999999.....1.....7.8...8.0...0.0...0.....7.........IIIIIII.N.....N.FFFFFFF.
.......1.......2.9.....9.9.....9.......3.6.......8.....8.0.....0.0.....0.......1.9.....9.....1.....7.88888.0...0.0...0.....7............I....NN....N.F.......
.......1.......2.9.....9.9.....9.......3.6.......8.....8.0.....0.0.....0.......1.9.....9.....1.....7.8...8.0...0.0...0.....7.=======....I....N.N...N.F.......
.......1.2222222.9999999.9999999.3333333.6666666.8888888.0.....0.0.....0.......1.9999999.....1.....7.88888.00000.00000.....7............I....N..N..N.FFFFFFF.
.......1.2.............9.......9.......3.6.....6.8.....8.0.....0.0.....0.......1.......9.....................................=======....I....N...N.N.F.......
.......1.2.............9.......9.......3.6.....6.8.....8.0.....0.0.....0.......1.......9................................................I....N....NN.F.......
.......1.2222222.9999999.9999999.3333333.6666666.8888888.0000000.0000000.......1.9999999.............................................IIIIIII.N.....N.F.......
.............................................................................................................................................................

.......................................................................................................................................................
.........................................................................................77777.00000.88888.00000.66666.................................
.......1.2222222.4.....4.0000000.2222222.9999999.8888888.2222222.3333333.3333333.5555555.....7.0...0.8...8.0...0.6.............IIIIIII.N.....N.FFFFFFF.
.......1.......2.4.....4.0.....0.......2.9.....9.8.....8.......2.......3.......3.5...........7.0...0.88888.0...0.66666............I....NN....N.F.......
.......1.......2.4.....4.0.....0.......2.9.....9.8.....8.......2.......3.......3.5...........7.0...0.8...8.0...0.6...6.=======....I....N.N...N.F.......
.......1.2222222.4444444.0.....0.2222222.9999999.8888888.2222222.3333333.3333333.5555555.....7.00000.88888.00000.66666............I....N..N..N.FFFFFFF.
.......1.2.............4.0.....0.2.............9.8.....8.2.............3.......3.......5...............................=======....I....N...N.N.F.......
.......1.2.............4.0.....0.2.............9.8.....8.2.............3.......3.......5..........................................I....N....NN.F.......
.......1.2222222.......4.0000000.2222222.9999999.8888888.2222222.3333333.3333333.5555555.......................................IIIIIII.N.....N.F.......
.......................................................................................................................................................

.............................................................................................................................................................
.........................................................................................33333.4...4.88888.....1.55555.00000.................................
.......1.4.....4.3333333.3333333.7777777.2222222.2222222.......1.2222222.4.....4.2222222.....3.4...4.8...8.....1.5.....0...0.........IIIIIII.N.....N.FFFFFFF.
.......1.4.....4.......3.......3.......7.......2.......2.......1.......2.4.....4.......2.33333.44444.88888.....1.55555.0...0............I....NN....N.F.......
.......1.4.....4.......3.......3.......7.......2.......2.......1.......2.4.....4.......2.....3.....4.8...8.....1.....5.0...0.=======....I....N.N...N.F.......
.......1.4444444.3333333.3333333.......7.2222222.2222222.......1.2222222.4444444.2222222.33333.....4.88888.....1.55555.00000............I....N..N..N.FFFFFFF.
.......1.......4.......3.......3.......7.2.......2.............1.2.............4.2...........................................=======....I....N...N.N.F.......
.......1.......4.......3.......3.......7.2.......2.............1.2.............4.2......................................................I....N....NN.F.......
.......1.......4.3333333.3333333.......7.2222222.2222222.......1.2222222.......4.2222222.............................................IIIIIII.N.....N.F.......
.............................................................................................................................................................

.............................................................................................................................................................
.........................................................................................22222.66666.33333.22222.22222.33333.................................
.......1.2222222.0000000.0000000.9999999.4.....4.9999999.9999999.5555555.4.....4.7777777.....2.6.........3.....2.....2.....3.........IIIIIII.N.....N.FFFFFFF.
.......1.......2.0.....0.0.....0.9.....9.4.....4.9.....9.9.....9.5.......4.....4.......7.22222.66666.33333.22222.22222.33333............I....NN....N.F.......
.......1.......2.0.....0.0.....0.9.....9.4.....4.9.....9.9.....9.5.......4.....4.......7.2.....6...6.....3.2.....2.........3.=======....I....N.N...N.F.......
.......1.2222222.0.....0.0.....0.9999999.4444444.9999999.9999999.5555555.4444444.......7.22222.66666.33333.22222.22222.33333............I....N..N..N.FFFFFFF.
.......1.2.......0.....0.0.....0.......9.......4.......9.......9.......5.......4.......7.....................................=======....I....N...N.N.F.......
.......1.2.......0.....0.0.....0.......9.......4.......9.......9.......5.......4.......7................................................I....N....NN.F.......
.......1.2222222.0000000.0000000.9999999.......4.9999999.9999999.5555555.......4.......7.............................................IIIIIII.N.....N.F.......
.............................................................................................................................................................

